<?xml version="1.0" encoding="UTF-8"?>
<!-- Generated by org.testng.reporters.JUnitReportReporter -->
<testsuite skipped="0" hostname="DESKTOP-A48OUSS" name="Test.Sample_Maven_Project.TC01Test" tests="2" failures="0" timestamp="2021-12-09T13:37:16 IST" time="0.013" errors="0">
  <testcase name="webshop" time="0.002" classname="Test.Sample_Maven_Project.TC01Test"/>
  <system-out/>
  <testcase name="medicalshop" time="0.011" classname="Test.Sample_Maven_Project.TC01Test"/>
  <system-out/>
</testsuite> <!-- Test.Sample_Maven_Project.TC01Test -->
